2024-04-26 00:14:12 [main] INFO  utilities.LoggerLoad - Loading Config file
2024-04-26 00:14:12 [main] INFO  utilities.LoggerLoad - Testing on firefox
2024-04-26 00:14:16 [main] INFO  utilities.LoggerLoad - Initializing driver for : firefox
2024-04-26 00:14:17 [main] INFO  utilities.LoggerLoad - Admin is expected to be on Home page
2024-04-26 00:14:18 [main] INFO  utilities.LoggerLoad - Title of current page is : LMS
2024-04-26 00:15:00 [main] INFO  utilities.LoggerLoad - Loading Config file
2024-04-26 00:15:00 [main] INFO  utilities.LoggerLoad - Testing on firefox
2024-04-26 00:15:03 [main] INFO  utilities.LoggerLoad - Initializing driver for : firefox
2024-04-26 00:15:03 [main] INFO  utilities.LoggerLoad - Admin is expected to be on Home page
2024-04-26 00:16:27 [main] INFO  utilities.LoggerLoad - Loading Config file
2024-04-26 00:16:27 [main] INFO  utilities.LoggerLoad - Testing on firefox
2024-04-26 00:16:30 [main] INFO  utilities.LoggerLoad - Initializing driver for : firefox
2024-04-26 00:16:30 [main] INFO  utilities.LoggerLoad - Admin is expected to be on Home page
2024-04-26 00:18:38 [main] INFO  utilities.LoggerLoad - Loading Config file
2024-04-26 00:18:38 [main] INFO  utilities.LoggerLoad - Testing on firefox
2024-04-26 00:18:41 [main] INFO  utilities.LoggerLoad - Initializing driver for : firefox
2024-04-26 00:18:43 [main] INFO  utilities.LoggerLoad - Admin is expected to be on Home page
2024-04-26 00:18:43 [main] INFO  utilities.LoggerLoad - Title of current page is : LMS
2024-04-26 00:18:51 [main] INFO  utilities.LoggerLoad - Loading Config file
2024-04-26 00:18:51 [main] INFO  utilities.LoggerLoad - Testing on firefox
2024-04-26 00:18:55 [main] INFO  utilities.LoggerLoad - Initializing driver for : firefox
2024-04-26 00:18:56 [main] INFO  utilities.LoggerLoad - Admin is expected to be on Home page
2024-04-26 00:18:57 [main] INFO  utilities.LoggerLoad - Title of current page is : LMS
2024-04-26 00:18:57 [main] INFO  utilities.LoggerLoad - Admin is expected to be on dashboard page
2024-04-26 00:18:57 [main] INFO  utilities.LoggerLoad - Title of current page is : LMS
2024-04-26 00:27:35 [main] INFO  utilities.LoggerLoad - Loading Config file
2024-04-26 00:27:35 [main] INFO  utilities.LoggerLoad - Testing on firefox
2024-04-26 00:27:39 [main] INFO  utilities.LoggerLoad - Initializing driver for : firefox
2024-04-26 00:27:41 [main] INFO  utilities.LoggerLoad - Admin is expected to be on Home page
2024-04-26 00:31:47 [main] INFO  utilities.LoggerLoad - Loading Config file
2024-04-26 00:31:47 [main] INFO  utilities.LoggerLoad - Testing on firefox
2024-04-26 00:31:50 [main] INFO  utilities.LoggerLoad - Initializing driver for : firefox
2024-04-26 00:31:52 [main] INFO  utilities.LoggerLoad - Admin is expected to be on Home page
2024-04-26 00:31:53 [main] INFO  utilities.LoggerLoad - Title of current page is : LMS
2024-04-26 00:31:53 [main] INFO  utilities.LoggerLoad - Admin is expected to be on dashboard page
2024-04-26 00:31:53 [main] INFO  utilities.LoggerLoad - Title of current page is : LMS
2024-04-26 00:45:04 [main] INFO  utilities.LoggerLoad - Loading Config file
2024-04-26 00:45:04 [main] INFO  utilities.LoggerLoad - Testing on firefox
2024-04-26 00:45:08 [main] INFO  utilities.LoggerLoad - Initializing driver for : firefox
2024-04-26 00:45:10 [main] INFO  utilities.LoggerLoad - Admin is expected to be on Home page
2024-04-26 00:45:10 [main] INFO  utilities.LoggerLoad - Admin is expected to be on dashboard page
2024-04-26 00:47:36 [main] INFO  utilities.LoggerLoad - Loading Config file
2024-04-26 00:47:36 [main] INFO  utilities.LoggerLoad - Testing on firefox
2024-04-26 00:47:41 [main] INFO  utilities.LoggerLoad - Initializing driver for : firefox
2024-04-26 00:47:44 [main] INFO  utilities.LoggerLoad - Admin is expected to be on Home page
2024-04-26 00:47:44 [main] INFO  utilities.LoggerLoad - Admin is expected to be on dashboard page
2024-04-26 00:47:47 [main] INFO  utilities.LoggerLoad - Admin is expected to be on Home page
2024-04-26 00:47:47 [main] INFO  utilities.LoggerLoad - Title of current page is : LMS
2024-04-26 00:47:47 [main] INFO  utilities.LoggerLoad - Admin is expected to be on Home page
2024-04-26 00:47:48 [main] INFO  utilities.LoggerLoad - Title of current page is : LMS
2024-04-26 00:47:48 [main] INFO  utilities.LoggerLoad - Admin is expected to be on dashboard page
2024-04-26 00:47:48 [main] INFO  utilities.LoggerLoad - Title of current page is : LMS
2024-04-26 00:51:06 [main] INFO  utilities.LoggerLoad - Loading Config file
2024-04-26 00:51:06 [main] INFO  utilities.LoggerLoad - Testing on firefox
2024-04-26 00:51:09 [main] INFO  utilities.LoggerLoad - Initializing driver for : firefox
2024-04-26 00:51:12 [main] INFO  utilities.LoggerLoad - Admin is expected to be on Home page
2024-04-26 00:51:12 [main] INFO  utilities.LoggerLoad - Admin is expected to be on dashboard page
2024-04-26 00:51:13 [main] INFO  utilities.LoggerLoad - Admin is expected to be on Home page
2024-04-26 00:51:14 [main] INFO  utilities.LoggerLoad - Title of current page is : LMS
2024-04-26 00:51:14 [main] INFO  utilities.LoggerLoad - Admin is expected to be on Home page
2024-04-26 00:51:14 [main] INFO  utilities.LoggerLoad - Title of current page is : LMS
2024-04-26 00:51:14 [main] INFO  utilities.LoggerLoad - Admin is expected to be on dashboard page
2024-04-26 00:51:15 [main] INFO  utilities.LoggerLoad - Title of current page is : LMS
2024-04-26 11:38:05 [main] INFO  utilities.LoggerLoad - Loading Config file
2024-04-26 11:38:05 [main] INFO  utilities.LoggerLoad - Testing on firefox
2024-04-26 11:38:11 [main] INFO  utilities.LoggerLoad - Initializing driver for : firefox
2024-04-26 11:38:13 [main] INFO  utilities.LoggerLoad - Admin is expected to be on Home page
2024-04-26 11:38:14 [main] INFO  utilities.LoggerLoad - Admin is expected to be on dashboard page
2024-04-26 11:38:14 [main] INFO  utilities.LoggerLoad - Admin checks if Manage program is header
2024-04-26 11:41:06 [main] INFO  utilities.LoggerLoad - Loading Config file
2024-04-26 11:41:06 [main] INFO  utilities.LoggerLoad - Testing on firefox
2024-04-26 11:41:11 [main] INFO  utilities.LoggerLoad - Initializing driver for : firefox
2024-04-26 11:41:13 [main] INFO  utilities.LoggerLoad - Admin is expected to be on Home page
2024-04-26 11:41:14 [main] INFO  utilities.LoggerLoad - Admin is expected to be on dashboard page
2024-04-26 11:41:14 [main] INFO  utilities.LoggerLoad - Admin checks if Manage program is header
2024-04-26 11:41:14 [main] INFO  utilities.LoggerLoad - headerManage Program
2024-04-26 11:48:03 [main] INFO  utilities.LoggerLoad - Loading Config file
2024-04-26 11:48:03 [main] INFO  utilities.LoggerLoad - Testing on firefox
2024-04-26 11:48:08 [main] INFO  utilities.LoggerLoad - Initializing driver for : firefox
2024-04-26 11:48:11 [main] INFO  utilities.LoggerLoad - Admin is expected to be on Home page
2024-04-26 11:48:11 [main] INFO  utilities.LoggerLoad - Admin is expected to be on dashboard page
2024-04-26 11:48:11 [main] INFO  utilities.LoggerLoad - Admin checks if Manage program is header
2024-04-26 11:48:11 [main] INFO  utilities.LoggerLoad - headerManage Program
2024-04-26 11:52:43 [main] INFO  utilities.LoggerLoad - Loading Config file
2024-04-26 11:52:43 [main] INFO  utilities.LoggerLoad - Testing on firefox
2024-04-26 11:52:48 [main] INFO  utilities.LoggerLoad - Initializing driver for : firefox
2024-04-26 11:52:50 [main] INFO  utilities.LoggerLoad - Admin is expected to be on Home page
2024-04-26 11:52:51 [main] INFO  utilities.LoggerLoad - Admin is expected to be on dashboard page
2024-04-26 11:52:51 [main] INFO  utilities.LoggerLoad - Admin checks if Manage program is header
2024-04-26 11:52:51 [main] INFO  utilities.LoggerLoad - headerManage Program
2024-04-26 13:24:24 [main] INFO  utilities.LoggerLoad - Testing on firefox
2024-04-26 13:34:02 [main] INFO  utilities.LoggerLoad - Testing on firefox
2024-04-26 13:37:25 [main] INFO  utilities.LoggerLoad - Testing on firefox
2024-04-26 13:37:59 [main] INFO  utilities.LoggerLoad - Testing on firefox
2024-04-26 13:41:19 [main] INFO  utilities.LoggerLoad - Testing on firefox
2024-04-26 13:53:11 [main] INFO  utilities.LoggerLoad - Testing on firefox
2024-04-26 13:54:12 [main] INFO  utilities.LoggerLoad - Testing on firefox
2024-04-26 13:54:20 [main] INFO  utilities.LoggerLoad - Admin is expected to be on Home page
2024-04-26 13:54:21 [main] INFO  utilities.LoggerLoad - Title of current page is : LMS
2024-04-26 13:56:05 [main] INFO  utilities.LoggerLoad - Testing on firefox
2024-04-26 13:56:14 [main] INFO  utilities.LoggerLoad - Admin is expected to be on Home page
2024-04-26 13:56:15 [main] INFO  utilities.LoggerLoad - Title of current page is : LMS
2024-04-26 13:57:44 [main] INFO  utilities.LoggerLoad - Testing on firefox
2024-04-26 13:58:44 [main] INFO  utilities.LoggerLoad - Testing on firefox
2024-04-26 13:58:52 [main] INFO  utilities.LoggerLoad - Admin is expected to be on Home page
2024-04-26 13:58:53 [main] INFO  utilities.LoggerLoad - Admin is expected to be on dashboard page
2024-04-26 13:58:53 [main] INFO  utilities.LoggerLoad - Admin checks if Manage program is header
2024-04-26 13:58:53 [main] INFO  utilities.LoggerLoad - headerManage Program
